<?xml version="1.0" encoding="UTF-8"?>
<testsuite name="com.fearless.purplecow.PurplecowApplicationTests" tests="1" skipped="0" failures="0" errors="0" timestamp="2022-09-16T20:10:33" hostname="Benjamins-MacBook-Pro.local" time="0.399">
  <properties/>
  <testcase name="contextLoads()" classname="com.fearless.purplecow.PurplecowApplicationTests" time="0.399"/>
  <system-out><![CDATA[16:10:30.190 [Test worker] DEBUG org.springframework.test.context.BootstrapUtils - Instantiating CacheAwareContextLoaderDelegate from class [org.springframework.test.context.cache.DefaultCacheAwareContextLoaderDelegate]
16:10:30.201 [Test worker] DEBUG org.springframework.test.context.BootstrapUtils - Instantiating BootstrapContext using constructor [public org.springframework.test.context.support.DefaultBootstrapContext(java.lang.Class,org.springframework.test.context.CacheAwareContextLoaderDelegate)]
16:10:30.317 [Test worker] DEBUG org.springframework.test.context.BootstrapUtils - Instantiating TestContextBootstrapper for test class [com.fearless.purplecow.PurplecowApplicationTests] from class [org.springframework.boot.test.context.SpringBootTestContextBootstrapper]
16:10:30.394 [Test worker] INFO org.springframework.boot.test.context.SpringBootTestContextBootstrapper - Neither @ContextConfiguration nor @ContextHierarchy found for test class [com.fearless.purplecow.PurplecowApplicationTests], using SpringBootContextLoader
16:10:30.404 [Test worker] DEBUG org.springframework.test.context.support.AbstractContextLoader - Did not detect default resource location for test class [com.fearless.purplecow.PurplecowApplicationTests]: class path resource [com/fearless/purplecow/PurplecowApplicationTests-context.xml] does not exist
16:10:30.405 [Test worker] DEBUG org.springframework.test.context.support.AbstractContextLoader - Did not detect default resource location for test class [com.fearless.purplecow.PurplecowApplicationTests]: class path resource [com/fearless/purplecow/PurplecowApplicationTestsContext.groovy] does not exist
16:10:30.409 [Test worker] INFO org.springframework.test.context.support.AbstractContextLoader - Could not detect default resource locations for test class [com.fearless.purplecow.PurplecowApplicationTests]: no resource found for suffixes {-context.xml, Context.groovy}.
16:10:30.411 [Test worker] INFO org.springframework.test.context.support.AnnotationConfigContextLoaderUtils - Could not detect default configuration classes for test class [com.fearless.purplecow.PurplecowApplicationTests]: PurplecowApplicationTests does not declare any static, non-private, non-final, nested classes annotated with @Configuration.
16:10:30.507 [Test worker] DEBUG org.springframework.test.context.support.ActiveProfilesUtils - Could not find an 'annotation declaring class' for annotation type [org.springframework.test.context.ActiveProfiles] and class [com.fearless.purplecow.PurplecowApplicationTests]
16:10:30.684 [Test worker] DEBUG org.springframework.context.annotation.ClassPathScanningCandidateComponentProvider - Identified candidate component class: file [/Users/benjamincolebrook/projects/purple-cow/build/classes/java/main/com/fearless/purplecow/PurplecowApplication.class]
16:10:30.699 [Test worker] INFO org.springframework.boot.test.context.SpringBootTestContextBootstrapper - Found @SpringBootConfiguration com.fearless.purplecow.PurplecowApplication for test class com.fearless.purplecow.PurplecowApplicationTests
16:10:30.818 [Test worker] DEBUG org.springframework.boot.test.context.SpringBootTestContextBootstrapper - @TestExecutionListeners is not present for class [com.fearless.purplecow.PurplecowApplicationTests]: using defaults.
16:10:30.819 [Test worker] INFO org.springframework.boot.test.context.SpringBootTestContextBootstrapper - Loaded default TestExecutionListener class names from location [META-INF/spring.factories]: [org.springframework.boot.test.autoconfigure.restdocs.RestDocsTestExecutionListener, org.springframework.boot.test.autoconfigure.web.client.MockRestServiceServerResetTestExecutionListener, org.springframework.boot.test.autoconfigure.web.servlet.MockMvcPrintOnlyOnFailureTestExecutionListener, org.springframework.boot.test.autoconfigure.web.servlet.WebDriverTestExecutionListener, org.springframework.boot.test.autoconfigure.webservices.client.MockWebServiceServerTestExecutionListener, org.springframework.boot.test.mock.mockito.MockitoTestExecutionListener, org.springframework.boot.test.mock.mockito.ResetMocksTestExecutionListener, org.springframework.test.context.web.ServletTestExecutionListener, org.springframework.test.context.support.DirtiesContextBeforeModesTestExecutionListener, org.springframework.test.context.event.ApplicationEventsTestExecutionListener, org.springframework.test.context.support.DependencyInjectionTestExecutionListener, org.springframework.test.context.support.DirtiesContextTestExecutionListener, org.springframework.test.context.transaction.TransactionalTestExecutionListener, org.springframework.test.context.jdbc.SqlScriptsTestExecutionListener, org.springframework.test.context.event.EventPublishingTestExecutionListener]
16:10:30.832 [Test worker] DEBUG org.springframework.boot.test.context.SpringBootTestContextBootstrapper - Skipping candidate TestExecutionListener [org.springframework.test.context.transaction.TransactionalTestExecutionListener] due to a missing dependency. Specify custom listener classes or make the default listener classes and their required dependencies available. Offending class: [org/springframework/transaction/TransactionDefinition]
16:10:30.832 [Test worker] DEBUG org.springframework.boot.test.context.SpringBootTestContextBootstrapper - Skipping candidate TestExecutionListener [org.springframework.test.context.jdbc.SqlScriptsTestExecutionListener] due to a missing dependency. Specify custom listener classes or make the default listener classes and their required dependencies available. Offending class: [org/springframework/transaction/interceptor/TransactionAttribute]
16:10:30.833 [Test worker] INFO org.springframework.boot.test.context.SpringBootTestContextBootstrapper - Using TestExecutionListeners: [org.springframework.test.context.web.ServletTestExecutionListener@6ccdb29f, org.springframework.test.context.support.DirtiesContextBeforeModesTestExecutionListener@3adcc812, org.springframework.test.context.event.ApplicationEventsTestExecutionListener@35432107, org.springframework.boot.test.mock.mockito.MockitoTestExecutionListener@7b420819, org.springframework.boot.test.autoconfigure.SpringBootDependencyInjectionTestExecutionListener@7a1a14a4, org.springframework.test.context.support.DirtiesContextTestExecutionListener@265adfad, org.springframework.test.context.event.EventPublishingTestExecutionListener@a3d9978, org.springframework.boot.test.autoconfigure.restdocs.RestDocsTestExecutionListener@61544ae6, org.springframework.boot.test.autoconfigure.web.client.MockRestServiceServerResetTestExecutionListener@4b41dd5c, org.springframework.boot.test.autoconfigure.web.servlet.MockMvcPrintOnlyOnFailureTestExecutionListener@3b96c42e, org.springframework.boot.test.autoconfigure.web.servlet.WebDriverTestExecutionListener@5d066c7d, org.springframework.boot.test.autoconfigure.webservices.client.MockWebServiceServerTestExecutionListener@1e461e41, org.springframework.boot.test.mock.mockito.ResetMocksTestExecutionListener@5ba88be8]
16:10:30.837 [Test worker] DEBUG org.springframework.test.context.support.AbstractDirtiesContextTestExecutionListener - Before test class: context [DefaultTestContext@6ce86ce1 testClass = PurplecowApplicationTests, testInstance = [null], testMethod = [null], testException = [null], mergedContextConfiguration = [WebMergedContextConfiguration@54e7df6a testClass = PurplecowApplicationTests, locations = '{}', classes = '{class com.fearless.purplecow.PurplecowApplication}', contextInitializerClasses = '[]', activeProfiles = '{}', propertySourceLocations = '{}', propertySourceProperties = '{org.springframework.boot.test.context.SpringBootTestContextBootstrapper=true}', contextCustomizers = set[org.springframework.boot.test.autoconfigure.actuate.metrics.MetricsExportContextCustomizerFactory$DisableMetricExportContextCustomizer@117159c0, org.springframework.boot.test.autoconfigure.properties.PropertyMappingContextCustomizer@0, org.springframework.boot.test.autoconfigure.web.servlet.WebDriverContextCustomizerFactory$Customizer@350aac89, org.springframework.boot.test.context.filter.ExcludeFilterContextCustomizer@4c60d6e9, org.springframework.boot.test.json.DuplicateJsonObjectContextCustomizerFactory$DuplicateJsonObjectContextCustomizer@7f485fda, org.springframework.boot.test.mock.mockito.MockitoContextCustomizer@0, org.springframework.boot.test.web.client.TestRestTemplateContextCustomizer@48bb62, org.springframework.boot.test.context.SpringBootTestArgs@1, org.springframework.boot.test.context.SpringBootTestWebEnvironment@37918c79], resourceBasePath = 'src/main/webapp', contextLoader = 'org.springframework.boot.test.context.SpringBootContextLoader', parent = [null]], attributes = map['org.springframework.test.context.web.ServletTestExecutionListener.activateListener' -> true]], class annotated with @DirtiesContext [false] with mode [null].

  .   ____          _            __ _ _
 /\\ / ___'_ __ _ _(_)_ __  __ _ \ \ \ \
( ( )\___ | '_ | '_| | '_ \/ _` | \ \ \ \
 \\/  ___)| |_)| | | | | || (_| |  ) ) ) )
  '  |____| .__|_| |_|_| |_\__, | / / / /
 =========|_|==============|___/=/_/_/_/
 :: Spring Boot ::                (v2.7.3)

2022-09-16 16:10:31.459  INFO 42055 --- [    Test worker] c.f.purplecow.PurplecowApplicationTests  : Starting PurplecowApplicationTests using Java 1.8.0_341 on Benjamins-MacBook-Pro.local with PID 42055 (started by benjamincolebrook in /Users/benjamincolebrook/projects/purple-cow)
2022-09-16 16:10:31.464  INFO 42055 --- [    Test worker] c.f.purplecow.PurplecowApplicationTests  : No active profile set, falling back to 1 default profile: "default"
2022-09-16 16:10:33.781  INFO 42055 --- [    Test worker] c.f.purplecow.PurplecowApplicationTests  : Started PurplecowApplicationTests in 2.896 seconds (JVM running for 4.866)
]]></system-out>
  <system-err><![CDATA[]]></system-err>
</testsuite>
